2014-03-10 19:49:08,215 ERROR [errorlog] java.net.BindException: Address already in use
java.net.BindException: Address already in use
	at sun.nio.ch.Net.bind0(Native Method)
	at sun.nio.ch.Net.bind(Net.java:174)
	at sun.nio.ch.ServerSocketChannelImpl.bind(ServerSocketChannelImpl.java:139)
	at sun.nio.ch.ServerSocketAdaptor.bind(ServerSocketAdaptor.java:77)
	at org.mortbay.jetty.nio.SelectChannelConnector.open(SelectChannelConnector.java:216)
	at org.mortbay.jetty.nio.SelectChannelConnector.doStart(SelectChannelConnector.java:315)
	at org.mortbay.component.AbstractLifeCycle.start(AbstractLifeCycle.java:50)
	at org.mortbay.jetty.Server.doStart(Server.java:235)
	at org.mortbay.component.AbstractLifeCycle.start(AbstractLifeCycle.java:50)
	at com.eviware.soapui.monitor.JettyMockEngine.startMockService(JettyMockEngine.java:155)
	at com.eviware.soapui.impl.wsdl.mock.WsdlMockRunner.start(WsdlMockRunner.java:672)
	at com.eviware.soapui.impl.wsdl.mock.WsdlMockRunner.<init>(WsdlMockRunner.java:100)
	at com.eviware.soapui.impl.wsdl.mock.WsdlMockService.start(WsdlMockService.java:208)
	at com.eviware.soapui.impl.wsdl.mock.WsdlMockService.start(WsdlMockService.java:495)
	at com.eviware.soapui.tools.SoapUIMockServiceRunner.runMockService(SoapUIMockServiceRunner.java:201)
	at com.eviware.soapui.tools.SoapUIMockServiceRunner.runRunner(SoapUIMockServiceRunner.java:122)
	at com.eviware.soapui.tools.AbstractSoapUIRunner.run(AbstractSoapUIRunner.java:158)
	at com.eviware.soapui.maven2.MockServiceMojo.execute(MockServiceMojo.java:88)
	at org.apache.maven.plugin.DefaultBuildPluginManager.executeMojo(DefaultBuildPluginManager.java:101)
	at org.apache.maven.lifecycle.internal.MojoExecutor.execute(MojoExecutor.java:209)
	at org.apache.maven.lifecycle.internal.MojoExecutor.execute(MojoExecutor.java:153)
	at org.apache.maven.lifecycle.internal.MojoExecutor.execute(MojoExecutor.java:145)
	at org.apache.maven.lifecycle.internal.LifecycleModuleBuilder.buildProject(LifecycleModuleBuilder.java:84)
	at org.apache.maven.lifecycle.internal.LifecycleModuleBuilder.buildProject(LifecycleModuleBuilder.java:59)
	at org.apache.maven.lifecycle.internal.LifecycleStarter.singleThreadedBuild(LifecycleStarter.java:183)
	at org.apache.maven.lifecycle.internal.LifecycleStarter.execute(LifecycleStarter.java:161)
	at org.apache.maven.DefaultMaven.doExecute(DefaultMaven.java:319)
	at org.apache.maven.DefaultMaven.execute(DefaultMaven.java:156)
	at org.apache.maven.cli.MavenCli.execute(MavenCli.java:537)
	at org.apache.maven.cli.MavenCli.doMain(MavenCli.java:196)
	at org.apache.maven.cli.MavenCli.main(MavenCli.java:141)
	at sun.reflect.NativeMethodAccessorImpl.invoke0(Native Method)
	at sun.reflect.NativeMethodAccessorImpl.invoke(NativeMethodAccessorImpl.java:57)
	at sun.reflect.DelegatingMethodAccessorImpl.invoke(DelegatingMethodAccessorImpl.java:43)
	at java.lang.reflect.Method.invoke(Method.java:622)
	at org.codehaus.plexus.classworlds.launcher.Launcher.launchEnhanced(Launcher.java:290)
	at org.codehaus.plexus.classworlds.launcher.Launcher.launch(Launcher.java:230)
	at org.codehaus.plexus.classworlds.launcher.Launcher.mainWithExitCode(Launcher.java:409)
	at org.codehaus.plexus.classworlds.launcher.Launcher.main(Launcher.java:352)
2014-03-10 20:03:15,988 ERROR [errorlog] java.net.BindException: Address already in use
java.net.BindException: Address already in use
	at sun.nio.ch.Net.bind0(Native Method)
	at sun.nio.ch.Net.bind(Net.java:174)
	at sun.nio.ch.ServerSocketChannelImpl.bind(ServerSocketChannelImpl.java:139)
	at sun.nio.ch.ServerSocketAdaptor.bind(ServerSocketAdaptor.java:77)
	at org.mortbay.jetty.nio.SelectChannelConnector.open(SelectChannelConnector.java:216)
	at org.mortbay.jetty.nio.SelectChannelConnector.doStart(SelectChannelConnector.java:315)
	at org.mortbay.component.AbstractLifeCycle.start(AbstractLifeCycle.java:50)
	at org.mortbay.jetty.Server.doStart(Server.java:235)
	at org.mortbay.component.AbstractLifeCycle.start(AbstractLifeCycle.java:50)
	at com.eviware.soapui.monitor.JettyMockEngine.startMockService(JettyMockEngine.java:155)
	at com.eviware.soapui.impl.wsdl.mock.WsdlMockRunner.start(WsdlMockRunner.java:672)
	at com.eviware.soapui.impl.wsdl.mock.WsdlMockRunner.<init>(WsdlMockRunner.java:100)
	at com.eviware.soapui.impl.wsdl.mock.WsdlMockService.start(WsdlMockService.java:208)
	at com.eviware.soapui.impl.wsdl.mock.WsdlMockService.start(WsdlMockService.java:495)
	at com.eviware.soapui.tools.SoapUIMockServiceRunner.runMockService(SoapUIMockServiceRunner.java:201)
	at com.eviware.soapui.tools.SoapUIMockServiceRunner.runRunner(SoapUIMockServiceRunner.java:122)
	at com.eviware.soapui.tools.AbstractSoapUIRunner.run(AbstractSoapUIRunner.java:158)
	at com.eviware.soapui.maven2.MockServiceMojo.execute(MockServiceMojo.java:88)
	at org.apache.maven.plugin.DefaultBuildPluginManager.executeMojo(DefaultBuildPluginManager.java:101)
	at org.apache.maven.lifecycle.internal.MojoExecutor.execute(MojoExecutor.java:209)
	at org.apache.maven.lifecycle.internal.MojoExecutor.execute(MojoExecutor.java:153)
	at org.apache.maven.lifecycle.internal.MojoExecutor.execute(MojoExecutor.java:145)
	at org.apache.maven.lifecycle.internal.LifecycleModuleBuilder.buildProject(LifecycleModuleBuilder.java:84)
	at org.apache.maven.lifecycle.internal.LifecycleModuleBuilder.buildProject(LifecycleModuleBuilder.java:59)
	at org.apache.maven.lifecycle.internal.LifecycleStarter.singleThreadedBuild(LifecycleStarter.java:183)
	at org.apache.maven.lifecycle.internal.LifecycleStarter.execute(LifecycleStarter.java:161)
	at org.apache.maven.DefaultMaven.doExecute(DefaultMaven.java:319)
	at org.apache.maven.DefaultMaven.execute(DefaultMaven.java:156)
	at org.apache.maven.cli.MavenCli.execute(MavenCli.java:537)
	at org.apache.maven.cli.MavenCli.doMain(MavenCli.java:196)
	at org.apache.maven.cli.MavenCli.main(MavenCli.java:141)
	at sun.reflect.NativeMethodAccessorImpl.invoke0(Native Method)
	at sun.reflect.NativeMethodAccessorImpl.invoke(NativeMethodAccessorImpl.java:57)
	at sun.reflect.DelegatingMethodAccessorImpl.invoke(DelegatingMethodAccessorImpl.java:43)
	at java.lang.reflect.Method.invoke(Method.java:622)
	at org.codehaus.plexus.classworlds.launcher.Launcher.launchEnhanced(Launcher.java:290)
	at org.codehaus.plexus.classworlds.launcher.Launcher.launch(Launcher.java:230)
	at org.codehaus.plexus.classworlds.launcher.Launcher.mainWithExitCode(Launcher.java:409)
	at org.codehaus.plexus.classworlds.launcher.Launcher.main(Launcher.java:352)
